<?xml version="1.0" encoding="UTF-8"?>
<!-- Generated by org.testng.reporters.JUnitXMLReporter -->
<testsuite ignored="0" hostname="DESKTOP-MK78P6P" failures="0" tests="9" name="Simulteneous Run" time="0.158" errors="0" timestamp="2023-06-10T01:04:32 IST">
  <testcase classname="TestNG_XML.Sample1" name="TC1" time="0.024"/>
  <testcase classname="TestNG_XML.Sample1" name="TC2" time="0.003"/>
  <testcase classname="TestNG_XML.Sample1" name="TC3" time="0.003"/>
  <testcase classname="TestNG_XML.Sample2" name="TC4" time="0.002"/>
  <testcase classname="TestNG_XML.Sample2" name="TC5" time="0.008"/>
  <testcase classname="TestNG_XML.Sample2" name="TC6" time="0.004"/>
  <testcase classname="TestNG_XML.Sample3" name="TC7" time="0.003"/>
  <testcase classname="TestNG_XML.Sample3" name="TC8" time="0.003"/>
  <testcase classname="TestNG_XML.Sample3" name="TC9" time="0.002"/>
</testsuite> <!-- Simulteneous Run -->
