<?xml version="1.0" encoding="UTF-8"?>
<!-- Generated by org.testng.reporters.JUnitXMLReporter -->
<testsuite ignored="0" hostname="DESKTOP-MK78P6P" failures="1" tests="9" name="Test" time="0.17" errors="0" timestamp="2023-06-10T01:17:07 IST">
  <testcase classname="TestNG_XML.Sample1" name="TC1" time="0.02">
    <failure type="java.lang.AssertionError" message="expected [true] but found [false]">
      <![CDATA[java.lang.AssertionError: expected [true] but found [false]
at TestNG_XML.Sample1.TC1(Sample1.java:13)
at java.base/java.util.ArrayList.forEach(ArrayList.java:1511)
... Removed 29 stack frames]]>
    </failure>
  </testcase> <!-- TC1 -->
  <testcase classname="TestNG_XML.Sample1" name="TC2" time="0.001"/>
  <testcase classname="TestNG_XML.Sample1" name="TC3" time="0.003"/>
  <testcase classname="TestNG_XML.Sample2" name="TC4" time="0.002"/>
  <testcase classname="TestNG_XML.Sample2" name="TC5" time="0.002"/>
  <testcase classname="TestNG_XML.Sample2" name="TC6" time="0.007"/>
  <testcase classname="TestNG_XML.Sample3" name="TC7" time="0.002"/>
  <testcase classname="TestNG_XML.Sample3" name="TC8" time="0.003"/>
  <testcase classname="TestNG_XML.Sample3" name="TC9" time="0.003"/>
</testsuite> <!-- Test -->
