<?xml version="1.0" encoding="UTF-8"?>
<testng-results ignored="1" total="1" passed="0" failed="0" skipped="0">
  <reporter-output>
  </reporter-output>
  <suite started-at="2023-06-10T21:55:43 IST" name="Default suite" finished-at="2023-06-10T21:55:43 IST" duration-ms="13">
    <groups>
    </groups>
    <test started-at="2023-06-10T21:55:43 IST" name="Default test" finished-at="2023-06-10T21:55:43 IST" duration-ms="13">
    </test> <!-- Default test -->
  </suite> <!-- Default suite -->
</testng-results>
